<?xml version="1.0" encoding="UTF-8"?>
<!-- Generated by org.testng.reporters.JUnitXMLReporter -->
<testsuite ignored="0" hostname="CORA027L" failures="1" tests="38" name="Extent Report Test" time="4.353" errors="0" timestamp="2021-05-22T02:50:59 CST">
  <testcase classname="tests.LoginTests" name="masterTest" time="0.015">
    <skipped/>
  </testcase> <!-- masterTest -->
  <testcase classname="tests.LoginTests" name="masterTest" time="3.749">
    <failure type="java.lang.AssertionError" message="expected [https://opensource-demo.orangehrmlive.com/index.php/dashboard] but found [https://opensource-demo.orangehrmlive.com/index.php/auth/validateCredentials]">
      <![CDATA[java.lang.AssertionError: expected [https://opensource-demo.orangehrmlive.com/index.php/dashboard] but found [https://opensource-demo.orangehrmlive.com/index.php/auth/validateCredentials]
at org.testng.Assert.fail(Assert.java:99)
at org.testng.Assert.failNotEquals(Assert.java:1037)
at org.testng.Assert.assertEqualsImpl(Assert.java:140)
at org.testng.Assert.assertEquals(Assert.java:122)
at org.testng.Assert.assertEquals(Assert.java:629)
at org.testng.Assert.assertEquals(Assert.java:639)
at keyword.Keywords.perform(Keywords.java:262)
at tests.LoginTests.masterTest(LoginTests.java:122)
at java.base/jdk.internal.reflect.NativeMethodAccessorImpl.invoke0(Native Method)
at java.base/jdk.internal.reflect.NativeMethodAccessorImpl.invoke(NativeMethodAccessorImpl.java:64)
at java.base/jdk.internal.reflect.DelegatingMethodAccessorImpl.invoke(DelegatingMethodAccessorImpl.java:43)
at java.base/java.lang.reflect.Method.invoke(Method.java:564)
at org.testng.internal.MethodInvocationHelper.invokeMethod(MethodInvocationHelper.java:132)
at org.testng.internal.TestInvoker.invokeMethod(TestInvoker.java:599)
at org.testng.internal.TestInvoker.invokeTestMethod(TestInvoker.java:174)
at org.testng.internal.MethodRunner.runInSequence(MethodRunner.java:46)
at org.testng.internal.TestInvoker$MethodInvocationAgent.invoke(TestInvoker.java:822)
at org.testng.internal.TestInvoker.invokeTestMethods(TestInvoker.java:147)
at org.testng.internal.TestMethodWorker.invokeTestMethods(TestMethodWorker.java:146)
at org.testng.internal.TestMethodWorker.run(TestMethodWorker.java:128)
at java.base/java.util.ArrayList.forEach(ArrayList.java:1511)
at org.testng.TestRunner.privateRun(TestRunner.java:764)
at org.testng.TestRunner.run(TestRunner.java:585)
at org.testng.SuiteRunner.runTest(SuiteRunner.java:384)
at org.testng.SuiteRunner.runSequentially(SuiteRunner.java:378)
at org.testng.SuiteRunner.privateRun(SuiteRunner.java:337)
at org.testng.SuiteRunner.run(SuiteRunner.java:286)
at org.testng.SuiteRunnerWorker.runSuite(SuiteRunnerWorker.java:53)
at org.testng.SuiteRunnerWorker.run(SuiteRunnerWorker.java:96)
at org.testng.TestNG.runSuitesSequentially(TestNG.java:1218)
at org.testng.TestNG.runSuitesLocally(TestNG.java:1140)
at org.testng.TestNG.runSuites(TestNG.java:1069)
at org.testng.TestNG.run(TestNG.java:1037)
at org.testng.remote.AbstractRemoteTestNG.run(AbstractRemoteTestNG.java:115)
at org.testng.remote.RemoteTestNG.initAndRun(RemoteTestNG.java:251)
at org.testng.remote.RemoteTestNG.main(RemoteTestNG.java:77)
]]>
    </failure>
  </testcase> <!-- masterTest -->
  <testcase classname="tests.LoginTests" name="masterTest" time="0.002">
    <skipped/>
  </testcase> <!-- masterTest -->
  <testcase classname="tests.LoginTests" name="masterTest" time="0.001">
    <skipped/>
  </testcase> <!-- masterTest -->
  <testcase classname="tests.LoginTests" name="masterTest" time="0.0">
    <skipped/>
  </testcase> <!-- masterTest -->
  <testcase classname="tests.LoginTests" name="masterTest" time="0.001">
    <skipped/>
  </testcase> <!-- masterTest -->
  <testcase classname="tests.LoginTests" name="masterTest" time="0.001">
    <skipped/>
  </testcase> <!-- masterTest -->
  <testcase classname="tests.LoginTests" name="masterTest" time="0.002">
    <skipped/>
  </testcase> <!-- masterTest -->
  <testcase classname="tests.LoginTests" name="masterTest" time="0.001">
    <skipped/>
  </testcase> <!-- masterTest -->
  <testcase classname="tests.LoginTests" name="masterTest" time="0.001">
    <skipped/>
  </testcase> <!-- masterTest -->
  <testcase classname="tests.LoginTests" name="masterTest" time="0.0">
    <skipped/>
  </testcase> <!-- masterTest -->
  <testcase classname="tests.LoginTests" name="masterTest" time="0.001">
    <skipped/>
  </testcase> <!-- masterTest -->
  <testcase classname="tests.LoginTests" name="masterTest" time="0.001">
    <skipped/>
  </testcase> <!-- masterTest -->
  <testcase classname="tests.LoginTests" name="masterTest" time="0.001">
    <skipped/>
  </testcase> <!-- masterTest -->
  <testcase classname="tests.LoginTests" name="masterTest" time="0.001">
    <skipped/>
  </testcase> <!-- masterTest -->
  <testcase classname="tests.LoginTests" name="masterTest" time="0.001">
    <skipped/>
  </testcase> <!-- masterTest -->
  <testcase classname="tests.LoginTests" name="masterTest" time="0.001">
    <skipped/>
  </testcase> <!-- masterTest -->
  <testcase classname="tests.LoginTests" name="masterTest" time="0.002">
    <skipped/>
  </testcase> <!-- masterTest -->
  <testcase classname="tests.LoginTests" name="masterTest" time="0.001">
    <skipped/>
  </testcase> <!-- masterTest -->
  <testcase classname="tests.LoginTests" name="masterTest" time="0.002">
    <skipped/>
  </testcase> <!-- masterTest -->
  <testcase classname="tests.LoginTests" name="masterTest" time="0.001">
    <skipped/>
  </testcase> <!-- masterTest -->
  <testcase classname="tests.LoginTests" name="masterTest" time="0.001">
    <skipped/>
  </testcase> <!-- masterTest -->
  <testcase classname="tests.LoginTests" name="masterTest" time="0.001">
    <skipped/>
  </testcase> <!-- masterTest -->
  <testcase classname="tests.LoginTests" name="masterTest" time="0.001">
    <skipped/>
  </testcase> <!-- masterTest -->
  <testcase classname="tests.LoginTests" name="masterTest" time="0.002">
    <skipped/>
  </testcase> <!-- masterTest -->
  <testcase classname="tests.LoginTests" name="masterTest" time="0.001">
    <skipped/>
  </testcase> <!-- masterTest -->
  <testcase classname="tests.LoginTests" name="masterTest" time="0.001">
    <skipped/>
  </testcase> <!-- masterTest -->
  <testcase classname="tests.LoginTests" name="masterTest" time="0.001">
    <skipped/>
  </testcase> <!-- masterTest -->
  <testcase classname="tests.LoginTests" name="masterTest" time="0.001">
    <skipped/>
  </testcase> <!-- masterTest -->
  <testcase classname="tests.LoginTests" name="masterTest" time="0.001">
    <skipped/>
  </testcase> <!-- masterTest -->
  <testcase classname="tests.LoginTests" name="masterTest" time="0.002">
    <skipped/>
  </testcase> <!-- masterTest -->
  <testcase classname="tests.LoginTests" name="masterTest" time="0.001">
    <skipped/>
  </testcase> <!-- masterTest -->
  <testcase classname="tests.LoginTests" name="masterTest" time="0.001">
    <skipped/>
  </testcase> <!-- masterTest -->
  <testcase classname="tests.LoginTests" name="masterTest" time="0.001">
    <skipped/>
  </testcase> <!-- masterTest -->
  <testcase classname="tests.LoginTests" name="masterTest" time="0.001">
    <skipped/>
  </testcase> <!-- masterTest -->
  <testcase classname="tests.LoginTests" name="masterTest" time="0.001">
    <skipped/>
  </testcase> <!-- masterTest -->
  <testcase classname="tests.LoginTests" name="masterTest" time="0.001">
    <skipped/>
  </testcase> <!-- masterTest -->
  <testcase classname="tests.LoginTests" name="masterTest" time="0.001">
    <skipped/>
  </testcase> <!-- masterTest -->
</testsuite> <!-- Extent Report Test -->
